This is pdfTeX, Version 3.14159265-2.6-1.40.21 (TeX Live 2020) (preloaded format=pdflatex 2021.4.2)  10 APR 2021 11:41
entering extended mode
 restricted \write18 enabled.
 file:line:error style messages enabled.
 %&-line parsing enabled.
**moderncvcolornew.sty
(./moderncvcolornew.sty
LaTeX2e <2020-02-02> patch level 5
L3 programming layer <2020-03-06>

LaTeX Warning: You have requested package `',
               but the package provides `moderncvcolorred'.

Package: moderncvcolorred 2015/07/28 v2.0.0 modern curriculum vitae and letter 
color scheme: red
./moderncvcolornew.sty:19: Undefined control sequence.
l.19 \definecolor
                 {color0}{rgb}{0,0,0}% black
? 
./moderncvcolornew.sty:19: Emergency stop.
l.19 \definecolor
                 {color0}{rgb}{0,0,0}% black
End of file on the terminal!

 
Here is how much of TeX's memory you used:
 18 strings out of 480608
 427 string characters out of 5903631
 239610 words of memory out of 5000000
 16010 multiletter control sequences out of 15000+600000
 532338 words of font info for 24 fonts, out of 8000000 for 9000
 1141 hyphenation exceptions out of 8191
 12i,0n,15p,135b,10s stack positions out of 5000i,500n,10000p,200000b,80000s
./moderncvcolornew.sty:19:  ==> Fatal error occurred, no output PDF file produc
ed!
